02-08-2024 16:53:19.276 [Gauge] [INFO] Initializing concepts cache with 1 concepts
02-08-2024 16:53:19.276 [Gauge] [DEBUG] Adding concepts from /Users/n100764/Desktop/burcuonal/specs/concepts/page.cpt
02-08-2024 16:53:19.278 [Gauge] [INFO] Initializing specs cache with 1 specs
02-08-2024 16:53:19.278 [Gauge] [DEBUG] Adding specs from /Users/n100764/Desktop/burcuonal/specs/page.spec
02-08-2024 16:53:19.278 [Gauge] [INFO] Initializing steps cache with 2 steps
02-08-2024 16:53:19.278 [Gauge] [INFO] Gauge daemon initialized and listening on port: 65091
02-08-2024 16:53:19.279 [Gauge] [DEBUG] Watching directory: /Users/n100764/Desktop/burcuonal/specs
02-08-2024 16:53:19.279 [Gauge] [DEBUG] Found 2 files
02-08-2024 16:53:19.279 [Gauge] [DEBUG] Watching directory: /Users/n100764/Desktop/burcuonal/specs/concepts
02-08-2024 16:53:19.279 [Gauge] [DEBUG] Found 1 files
02-08-2024 22:02:23.753 [Gauge] [DEBUG] Api Request Received: messageType:GetStepValueRequest messageId:4 stepValueRequest:{stepText:"Go to \"\" address"}
02-08-2024 22:02:23.763 [Gauge] [DEBUG] Sending API response: messageType:GetStepValueResponse messageId:4 stepValueResponse:{stepValue:{stepValue:"Go to {} address" parameterizedStepValue:"Go to <> address" parameters:""}}
02-08-2024 22:02:23.803 [Gauge] [DEBUG] Api Request Received: messageType:GetStepValueRequest messageId:4 stepValueRequest:{stepText:"Go to \"\" address"}
02-08-2024 22:02:23.803 [Gauge] [DEBUG] Sending API response: messageType:GetStepValueResponse messageId:4 stepValueResponse:{stepValue:{stepValue:"Go to {} address" parameterizedStepValue:"Go to <> address" parameters:""}}
02-08-2024 22:02:23.814 [Gauge] [DEBUG] Api Request Received: messageType:GetStepValueRequest messageId:4 stepValueRequest:{stepText:"* Go to \"\" address"}
02-08-2024 22:02:23.814 [Gauge] [DEBUG] Sending API response: messageType:GetStepValueResponse messageId:4 stepValueResponse:{stepValue:{stepValue:"* Go to {} address" parameterizedStepValue:"* Go to <> address" parameters:""}}
02-08-2024 22:02:49.854 [Gauge] [DEBUG] Api Request Received: messageType:GetStepValueRequest messageId:4 stepValueRequest:{stepText:"baslangicIlerlem"}
02-08-2024 22:02:49.857 [Gauge] [DEBUG] Sending API response: messageType:GetStepValueResponse messageId:4 stepValueResponse:{stepValue:{stepValue:"baslangicIlerlem" parameterizedStepValue:"baslangicIlerlem"}}
02-08-2024 22:02:49.862 [Gauge] [DEBUG] Api Request Received: messageType:GetStepValueRequest messageId:4 stepValueRequest:{stepText:"baslangicIlerlem"}
02-08-2024 22:02:49.862 [Gauge] [DEBUG] Sending API response: messageType:GetStepValueResponse messageId:4 stepValueResponse:{stepValue:{stepValue:"baslangicIlerlem" parameterizedStepValue:"baslangicIlerlem"}}
02-08-2024 22:02:50.735 [Gauge] [DEBUG] Api Request Received: messageType:GetStepValueRequest messageId:4 stepValueRequest:{stepText:"baslangicIle"}
02-08-2024 22:02:50.735 [Gauge] [DEBUG] Sending API response: messageType:GetStepValueResponse messageId:4 stepValueResponse:{stepValue:{stepValue:"baslangicIle" parameterizedStepValue:"baslangicIle"}}
02-08-2024 22:02:51.309 [Gauge] [DEBUG] Api Request Received: messageType:GetStepValueRequest messageId:4 stepValueRequest:{stepText:"baslang"}
02-08-2024 22:02:51.309 [Gauge] [DEBUG] Sending API response: messageType:GetStepValueResponse messageId:4 stepValueResponse:{stepValue:{stepValue:"baslang" parameterizedStepValue:"baslang"}}
02-08-2024 22:02:51.835 [Gauge] [DEBUG] Api Request Received: messageType:GetStepValueRequest messageId:4 stepValueRequest:{stepText:"basla"}
02-08-2024 22:02:51.835 [Gauge] [DEBUG] Sending API response: messageType:GetStepValueResponse messageId:4 stepValueResponse:{stepValue:{stepValue:"basla" parameterizedStepValue:"basla"}}
02-08-2024 22:02:51.902 [Gauge] [DEBUG] Api Request Received: messageType:GetStepValueRequest messageId:4 stepValueRequest:{stepText:"basl"}
02-08-2024 22:02:51.902 [Gauge] [DEBUG] Sending API response: messageType:GetStepValueResponse messageId:4 stepValueResponse:{stepValue:{stepValue:"basl" parameterizedStepValue:"basl"}}
02-08-2024 22:02:51.922 [Gauge] [DEBUG] Api Request Received: messageType:GetStepValueRequest messageId:4 stepValueRequest:{stepText:"basl"}
02-08-2024 22:02:51.922 [Gauge] [DEBUG] Sending API response: messageType:GetStepValueResponse messageId:4 stepValueResponse:{stepValue:{stepValue:"basl" parameterizedStepValue:"basl"}}
02-08-2024 22:02:54.516 [Gauge] [DEBUG] Api Request Received: messageType:GetStepValueRequest messageId:4 stepValueRequest:{}
02-08-2024 22:02:54.517 [Gauge] [DEBUG] Sending API response: messageType:GetStepValueResponse messageId:4 stepValueResponse:{stepValue:{}}
02-08-2024 22:02:54.535 [Gauge] [DEBUG] Api Request Received: messageType:GetStepValueRequest messageId:4 stepValueRequest:{}
02-08-2024 22:02:54.535 [Gauge] [DEBUG] Sending API response: messageType:GetStepValueResponse messageId:4 stepValueResponse:{stepValue:{}}
02-08-2024 22:02:54.592 [Gauge] [DEBUG] Api Request Received: messageType:GetStepValueRequest messageId:4 stepValueRequest:{}
02-08-2024 22:02:54.592 [Gauge] [DEBUG] Sending API response: messageType:GetStepValueResponse messageId:4 stepValueResponse:{stepValue:{}}
02-08-2024 22:02:54.779 [Gauge] [DEBUG] Api Request Received: messageType:GetStepValueRequest messageId:4 stepValueRequest:{}
02-08-2024 22:02:54.779 [Gauge] [DEBUG] Sending API response: messageType:GetStepValueResponse messageId:4 stepValueResponse:{stepValue:{}}
02-08-2024 22:02:54.791 [Gauge] [DEBUG] Api Request Received: messageType:GetStepValueRequest messageId:4 stepValueRequest:{}
02-08-2024 22:02:54.791 [Gauge] [DEBUG] Sending API response: messageType:GetStepValueResponse messageId:4 stepValueResponse:{stepValue:{}}
02-08-2024 22:02:54.796 [Gauge] [DEBUG] Api Request Received: messageType:GetStepValueRequest messageId:4 stepValueRequest:{}
02-08-2024 22:02:54.797 [Gauge] [DEBUG] Sending API response: messageType:GetStepValueResponse messageId:4 stepValueResponse:{stepValue:{}}
02-08-2024 22:02:55.144 [Gauge] [DEBUG] Api Request Received: messageType:GetStepValueRequest messageId:4 stepValueRequest:{stepText:"k"}
02-08-2024 22:02:55.144 [Gauge] [DEBUG] Sending API response: messageType:GetStepValueResponse messageId:4 stepValueResponse:{stepValue:{stepValue:"k" parameterizedStepValue:"k"}}
02-08-2024 22:02:55.179 [Gauge] [DEBUG] Api Request Received: messageType:GetAllStepsRequest messageId:2 allStepsRequest:{}
02-08-2024 22:02:55.185 [Gauge] [DEBUG] Sending API response: messageType:GetAllStepResponse messageId:2 allStepsResponse:{allSteps:{stepValue:"{} saniye bekle" parameterizedStepValue:"<2> saniye bekle" parameters:"2"} allSteps:{stepValue:"{} Element varsa tıkla yoksa devam et" parameterizedStepValue:"<remindMeLaterBtn> Element varsa tıkla yoksa devam et" parameters:"remindMeLaterBtn"} allSteps:{stepValue:"Elementine tıkla {}" parameterizedStepValue:"Elementine tıkla <key>" parameters:"key"} allSteps:{stepValue:"Scroll down and Download" parameterizedStepValue:"Scroll down and Download"}}
02-08-2024 22:02:55.188 [Gauge] [DEBUG] Api Request Received: messageType:GetAllConceptsRequest messageId:6 allConceptsRequest:{}
02-08-2024 22:02:55.189 [Gauge] [DEBUG] Sending API response: messageType:GetAllConceptsResponse messageId:6 allConceptsResponse:{concepts:{stepValue:{stepValue:"baslangicIlerleme" parameterizedStepValue:"baslangicIlerleme"} filepath:"/Users/n100764/Desktop/burcuonal/specs/concepts/page.cpt" lineNumber:1}}
02-08-2024 22:02:55.430 [Gauge] [DEBUG] Api Request Received: messageType:GetStepValueRequest messageId:4 stepValueRequest:{stepText:"ku"}
02-08-2024 22:02:55.431 [Gauge] [DEBUG] Sending API response: messageType:GetStepValueResponse messageId:4 stepValueResponse:{stepValue:{stepValue:"ku" parameterizedStepValue:"ku"}}
02-08-2024 22:02:55.451 [Gauge] [DEBUG] Api Request Received: messageType:GetAllStepsRequest messageId:2 allStepsRequest:{}
02-08-2024 22:02:55.452 [Gauge] [DEBUG] Sending API response: messageType:GetAllStepResponse messageId:2 allStepsResponse:{allSteps:{stepValue:"{} saniye bekle" parameterizedStepValue:"<2> saniye bekle" parameters:"2"} allSteps:{stepValue:"{} Element varsa tıkla yoksa devam et" parameterizedStepValue:"<remindMeLaterBtn> Element varsa tıkla yoksa devam et" parameters:"remindMeLaterBtn"} allSteps:{stepValue:"Elementine tıkla {}" parameterizedStepValue:"Elementine tıkla <key>" parameters:"key"} allSteps:{stepValue:"Scroll down and Download" parameterizedStepValue:"Scroll down and Download"}}
02-08-2024 22:02:55.452 [Gauge] [DEBUG] Api Request Received: messageType:GetAllConceptsRequest messageId:6 allConceptsRequest:{}
02-08-2024 22:02:55.452 [Gauge] [DEBUG] Sending API response: messageType:GetAllConceptsResponse messageId:6 allConceptsResponse:{concepts:{stepValue:{stepValue:"baslangicIlerleme" parameterizedStepValue:"baslangicIlerleme"} filepath:"/Users/n100764/Desktop/burcuonal/specs/concepts/page.cpt" lineNumber:1}}
02-08-2024 22:02:55.926 [Gauge] [DEBUG] Api Request Received: messageType:GetStepValueRequest messageId:4 stepValueRequest:{stepText:"kul"}
02-08-2024 22:02:55.927 [Gauge] [DEBUG] Sending API response: messageType:GetStepValueResponse messageId:4 stepValueResponse:{stepValue:{stepValue:"kul" parameterizedStepValue:"kul"}}
02-08-2024 22:02:55.946 [Gauge] [DEBUG] Api Request Received: messageType:GetStepValueRequest messageId:4 stepValueRequest:{stepText:"kull"}
02-08-2024 22:02:55.946 [Gauge] [DEBUG] Sending API response: messageType:GetStepValueResponse messageId:4 stepValueResponse:{stepValue:{stepValue:"kull" parameterizedStepValue:"kull"}}
02-08-2024 22:02:56.435 [Gauge] [DEBUG] Api Request Received: messageType:GetStepValueRequest messageId:4 stepValueRequest:{stepText:"kulla"}
02-08-2024 22:02:56.436 [Gauge] [DEBUG] Sending API response: messageType:GetStepValueResponse messageId:4 stepValueResponse:{stepValue:{stepValue:"kulla" parameterizedStepValue:"kulla"}}
02-08-2024 22:02:57.962 [Gauge] [DEBUG] Api Request Received: messageType:GetStepValueRequest messageId:4 stepValueRequest:{stepText:"kullanı"}
02-08-2024 22:02:57.965 [Gauge] [DEBUG] Sending API response: messageType:GetStepValueResponse messageId:4 stepValueResponse:{stepValue:{stepValue:"kullanı" parameterizedStepValue:"kullanı"}}
02-08-2024 22:02:59.221 [Gauge] [DEBUG] Api Request Received: messageType:GetStepValueRequest messageId:4 stepValueRequest:{stepText:"kullanıcı"}
02-08-2024 22:02:59.225 [Gauge] [DEBUG] Sending API response: messageType:GetStepValueResponse messageId:4 stepValueResponse:{stepValue:{stepValue:"kullanıcı" parameterizedStepValue:"kullanıcı"}}
02-08-2024 22:03:00.762 [Gauge] [DEBUG] Api Request Received: messageType:GetStepValueRequest messageId:4 stepValueRequest:{stepText:"kullanıc"}
02-08-2024 22:03:00.766 [Gauge] [DEBUG] Sending API response: messageType:GetStepValueResponse messageId:4 stepValueResponse:{stepValue:{stepValue:"kullanıc" parameterizedStepValue:"kullanıc"}}
02-08-2024 22:03:02.968 [Gauge] [DEBUG] Api Request Received: messageType:GetStepValueRequest messageId:4 stepValueRequest:{}
02-08-2024 22:03:02.972 [Gauge] [DEBUG] Sending API response: messageType:GetStepValueResponse messageId:4 stepValueResponse:{stepValue:{}}
02-08-2024 22:03:02.981 [Gauge] [DEBUG] Api Request Received: messageType:GetStepValueRequest messageId:4 stepValueRequest:{}
02-08-2024 22:03:02.981 [Gauge] [DEBUG] Sending API response: messageType:GetStepValueResponse messageId:4 stepValueResponse:{stepValue:{}}
02-08-2024 22:03:03.008 [Gauge] [DEBUG] Api Request Received: messageType:GetStepValueRequest messageId:4 stepValueRequest:{}
02-08-2024 22:03:03.008 [Gauge] [DEBUG] Sending API response: messageType:GetStepValueResponse messageId:4 stepValueResponse:{stepValue:{}}
02-08-2024 22:03:03.546 [Gauge] [DEBUG] Api Request Received: messageType:GetStepValueRequest messageId:4 stepValueRequest:{}
02-08-2024 22:03:03.547 [Gauge] [DEBUG] Sending API response: messageType:GetStepValueResponse messageId:4 stepValueResponse:{stepValue:{}}
02-08-2024 22:03:03.576 [Gauge] [DEBUG] Api Request Received: messageType:GetStepValueRequest messageId:4 stepValueRequest:{}
02-08-2024 22:03:03.576 [Gauge] [DEBUG] Sending API response: messageType:GetStepValueResponse messageId:4 stepValueResponse:{stepValue:{}}
02-08-2024 22:03:03.587 [Gauge] [DEBUG] Api Request Received: messageType:GetStepValueRequest messageId:4 stepValueRequest:{}
02-08-2024 22:03:03.587 [Gauge] [DEBUG] Sending API response: messageType:GetStepValueResponse messageId:4 stepValueResponse:{stepValue:{}}
02-08-2024 22:03:03.940 [Gauge] [DEBUG] Api Request Received: messageType:GetStepValueRequest messageId:4 stepValueRequest:{}
02-08-2024 22:03:03.940 [Gauge] [DEBUG] Sending API response: messageType:GetStepValueResponse messageId:4 stepValueResponse:{stepValue:{}}
02-08-2024 22:03:03.945 [Gauge] [DEBUG] Api Request Received: messageType:GetStepValueRequest messageId:4 stepValueRequest:{}
02-08-2024 22:03:03.945 [Gauge] [DEBUG] Sending API response: messageType:GetStepValueResponse messageId:4 stepValueResponse:{stepValue:{}}
02-08-2024 22:03:03.951 [Gauge] [DEBUG] Api Request Received: messageType:GetStepValueRequest messageId:4 stepValueRequest:{}
02-08-2024 22:03:03.951 [Gauge] [DEBUG] Sending API response: messageType:GetStepValueResponse messageId:4 stepValueResponse:{stepValue:{}}
02-08-2024 22:04:01.922 [Gauge] [DEBUG] Concept file added / modified: /Users/n100764/Desktop/burcuonal/specs/concepts/page.cpt
02-08-2024 22:04:07.252 [Gauge] [DEBUG] Api Request Received: messageType:GetStepValueRequest messageId:4 stepValueRequest:{}
02-08-2024 22:04:07.252 [Gauge] [DEBUG] Sending API response: messageType:GetStepValueResponse messageId:4 stepValueResponse:{stepValue:{}}
02-08-2024 22:04:07.257 [Gauge] [DEBUG] Api Request Received: messageType:GetStepValueRequest messageId:4 stepValueRequest:{}
02-08-2024 22:04:07.257 [Gauge] [DEBUG] Sending API response: messageType:GetStepValueResponse messageId:4 stepValueResponse:{stepValue:{}}
02-08-2024 22:04:07.279 [Gauge] [DEBUG] Api Request Received: messageType:GetStepValueRequest messageId:4 stepValueRequest:{}
02-08-2024 22:04:07.279 [Gauge] [DEBUG] Sending API response: messageType:GetStepValueResponse messageId:4 stepValueResponse:{stepValue:{}}
02-08-2024 22:04:07.505 [Gauge] [DEBUG] Api Request Received: messageType:GetStepValueRequest messageId:4 stepValueRequest:{}
02-08-2024 22:04:07.506 [Gauge] [DEBUG] Sending API response: messageType:GetStepValueResponse messageId:4 stepValueResponse:{stepValue:{}}
02-08-2024 22:04:07.508 [Gauge] [DEBUG] Api Request Received: messageType:GetStepValueRequest messageId:4 stepValueRequest:{}
02-08-2024 22:04:07.508 [Gauge] [DEBUG] Sending API response: messageType:GetStepValueResponse messageId:4 stepValueResponse:{stepValue:{}}
02-08-2024 22:04:07.510 [Gauge] [DEBUG] Api Request Received: messageType:GetStepValueRequest messageId:4 stepValueRequest:{}
02-08-2024 22:04:07.510 [Gauge] [DEBUG] Sending API response: messageType:GetStepValueResponse messageId:4 stepValueResponse:{stepValue:{}}
02-08-2024 22:04:07.824 [Gauge] [DEBUG] Api Request Received: messageType:GetStepValueRequest messageId:4 stepValueRequest:{stepText:" KullaniciLoginOlur"}
02-08-2024 22:04:07.824 [Gauge] [DEBUG] Sending API response: messageType:GetStepValueResponse messageId:4 stepValueResponse:{stepValue:{stepValue:"KullaniciLoginOlur" parameterizedStepValue:"KullaniciLoginOlur"}}
02-08-2024 22:04:07.824 [Gauge] [DEBUG] Api Request Received: messageType:GetStepValueRequest messageId:4 stepValueRequest:{}
02-08-2024 22:04:07.824 [Gauge] [DEBUG] Sending API response: messageType:GetStepValueResponse messageId:4 stepValueResponse:{stepValue:{}}
02-08-2024 22:04:07.825 [Gauge] [DEBUG] Api Request Received: messageType:GetStepValueRequest messageId:4 stepValueRequest:{}
02-08-2024 22:04:07.825 [Gauge] [DEBUG] Sending API response: messageType:GetStepValueResponse messageId:4 stepValueResponse:{stepValue:{}}
02-08-2024 22:04:07.825 [Gauge] [DEBUG] Api Request Received: messageType:GetStepValueRequest messageId:4 stepValueRequest:{}
02-08-2024 22:04:07.825 [Gauge] [DEBUG] Sending API response: messageType:GetStepValueResponse messageId:4 stepValueResponse:{stepValue:{}}
02-08-2024 22:04:08.624 [Gauge] [DEBUG] Api Request Received: messageType:GetStepValueRequest messageId:4 stepValueRequest:{}
02-08-2024 22:04:08.624 [Gauge] [DEBUG] Sending API response: messageType:GetStepValueResponse messageId:4 stepValueResponse:{stepValue:{}}
02-08-2024 22:04:08.648 [Gauge] [DEBUG] Api Request Received: messageType:GetStepValueRequest messageId:4 stepValueRequest:{}
02-08-2024 22:04:08.705 [Gauge] [DEBUG] Sending API response: messageType:GetStepValueResponse messageId:4 stepValueResponse:{stepValue:{}}
02-08-2024 22:04:08.713 [Gauge] [DEBUG] Api Request Received: messageType:GetStepValueRequest messageId:4 stepValueRequest:{}
02-08-2024 22:04:08.713 [Gauge] [DEBUG] Sending API response: messageType:GetStepValueResponse messageId:4 stepValueResponse:{stepValue:{}}
02-08-2024 22:04:10.071 [Gauge] [DEBUG] Api Request Received: messageType:GetAllStepsRequest messageId:2 allStepsRequest:{}
02-08-2024 22:04:10.073 [Gauge] [DEBUG] Sending API response: messageType:GetAllStepResponse messageId:2 allStepsResponse:{allSteps:{stepValue:"Go to {} address" parameterizedStepValue:"Go to <> address" parameters:""} allSteps:{stepValue:"Element {} var mı kontrol et yoksa hata mesajı ver {}" parameterizedStepValue:"Element <raporlabel> var mı kontrol et yoksa hata mesajı ver <message>" parameters:"raporlabel" parameters:"message"} allSteps:{stepValue:"{} saniye bekle" parameterizedStepValue:"<2> saniye bekle" parameters:"2"} allSteps:{stepValue:"Write value {} to element {}" parameterizedStepValue:"Write value <59479391614> to element <tckimliknotextbox>" parameters:"59479391614" parameters:"tckimliknotextbox"} allSteps:{stepValue:"Elementine tıkla {}" parameterizedStepValue:"Elementine tıkla <key>" parameters:"key"} allSteps:{stepValue:"Doğum tarihini {} olarak ayarla" parameterizedStepValue:"Doğum tarihini <01.01.2001> olarak ayarla" parameters:"01.01.2001"} allSteps:{stepValue:"Gorunur olmasini bekle {}" parameterizedStepValue:"Gorunur olmasini bekle <smscodeLabel>" parameters:"smscodeLabel"} allSteps:{stepValue:"Sms kodunu '03333' gir" parameterizedStepValue:"Sms kodunu '03333' gir"} allSteps:{stepValue:"Scroll down and Download" parameterizedStepValue:"Scroll down and Download"}}
02-08-2024 22:04:10.073 [Gauge] [DEBUG] Api Request Received: messageType:GetAllConceptsRequest messageId:6 allConceptsRequest:{}
02-08-2024 22:04:10.074 [Gauge] [DEBUG] Sending API response: messageType:GetAllConceptsResponse messageId:6 allConceptsResponse:{concepts:{stepValue:{stepValue:"KullaniciLoginOlur" parameterizedStepValue:"KullaniciLoginOlur"} filepath:"/Users/n100764/Desktop/burcuonal/specs/concepts/page.cpt" lineNumber:1}}
02-08-2024 22:04:11.577 [Gauge] [DEBUG] Api Request Received: messageType:GetStepValueRequest messageId:4 stepValueRequest:{stepText:"KullaniciLoginOlur"}
02-08-2024 22:04:11.578 [Gauge] [DEBUG] Sending API response: messageType:GetStepValueResponse messageId:4 stepValueResponse:{stepValue:{stepValue:"KullaniciLoginOlur" parameterizedStepValue:"KullaniciLoginOlur"}}
02-08-2024 22:06:32.401 [Gauge] [DEBUG] Spec file added / modified: /Users/n100764/Desktop/burcuonal/specs/page.spec
19-09-2024 12:59:34.714 [Gauge] [INFO] Initializing concepts cache with 1 concepts
19-09-2024 12:59:34.714 [Gauge] [DEBUG] Adding concepts from /Users/n100764/Desktop/burcuonal/specs/concepts/page.cpt
19-09-2024 12:59:34.714 [Gauge] [INFO] Initializing specs cache with 1 specs
19-09-2024 12:59:34.714 [Gauge] [DEBUG] Adding specs from /Users/n100764/Desktop/burcuonal/specs/page.spec
19-09-2024 12:59:34.714 [Gauge] [INFO] Initializing steps cache with 2 steps
19-09-2024 12:59:34.715 [Gauge] [INFO] Gauge daemon initialized and listening on port: 59371
19-09-2024 12:59:34.715 [Gauge] [DEBUG] Watching directory: /Users/n100764/Desktop/burcuonal/specs
19-09-2024 12:59:34.715 [Gauge] [DEBUG] Found 3 files
19-09-2024 12:59:34.715 [Gauge] [DEBUG] Watching directory: /Users/n100764/Desktop/burcuonal/specs/concepts
19-09-2024 12:59:34.715 [Gauge] [DEBUG] Found 1 files
19-09-2024 12:59:39.735 [Gauge] [DEBUG] Api Request Received: messageType:GetStepValueRequest messageId:4 stepValueRequest:{stepText:"Print page source"}
19-09-2024 12:59:39.736 [Gauge] [DEBUG] Sending API response: messageType:GetStepValueResponse messageId:4 stepValueResponse:{stepValue:{stepValue:"Print page source" parameterizedStepValue:"Print page source"}}
19-09-2024 12:59:39.738 [Gauge] [DEBUG] Api Request Received: messageType:GetStepValueRequest messageId:4 stepValueRequest:{stepText:"Wait <value> seconds"}
19-09-2024 12:59:39.738 [Gauge] [DEBUG] Sending API response: messageType:GetStepValueResponse messageId:4 stepValueResponse:{stepValue:{stepValue:"Wait {} seconds" parameterizedStepValue:"Wait <value> seconds" parameters:"value"}}
19-09-2024 12:59:39.739 [Gauge] [DEBUG] Api Request Received: messageType:GetStepValueRequest messageId:4 stepValueRequest:{stepText:"<int> saniye bekle"}
19-09-2024 12:59:39.739 [Gauge] [DEBUG] Sending API response: messageType:GetStepValueResponse messageId:4 stepValueResponse:{stepValue:{stepValue:"{} saniye bekle" parameterizedStepValue:"<int> saniye bekle" parameters:"int"}}
19-09-2024 12:59:39.740 [Gauge] [DEBUG] Api Request Received: messageType:GetStepValueRequest messageId:4 stepValueRequest:{stepText:"Wait <value> milliseconds"}
19-09-2024 12:59:39.740 [Gauge] [DEBUG] Sending API response: messageType:GetStepValueResponse messageId:4 stepValueResponse:{stepValue:{stepValue:"Wait {} milliseconds" parameterizedStepValue:"Wait <value> milliseconds" parameters:"value"}}
19-09-2024 12:59:39.741 [Gauge] [DEBUG] Api Request Received: messageType:GetStepValueRequest messageId:4 stepValueRequest:{stepText:"<long> milisaniye bekle"}
19-09-2024 12:59:39.741 [Gauge] [DEBUG] Sending API response: messageType:GetStepValueResponse messageId:4 stepValueResponse:{stepValue:{stepValue:"{} milisaniye bekle" parameterizedStepValue:"<long> milisaniye bekle" parameters:"long"}}
19-09-2024 12:59:39.743 [Gauge] [DEBUG] Api Request Received: messageType:GetStepValueRequest messageId:4 stepValueRequest:{stepText:"Click to element <key>"}
19-09-2024 12:59:39.743 [Gauge] [DEBUG] Sending API response: messageType:GetStepValueResponse messageId:4 stepValueResponse:{stepValue:{stepValue:"Click to element {}" parameterizedStepValue:"Click to element <key>" parameters:"key"}}
19-09-2024 12:59:39.747 [Gauge] [DEBUG] Api Request Received: messageType:GetStepValueRequest messageId:4 stepValueRequest:{stepText:"<key> elementin üstünde bekle"}
19-09-2024 12:59:39.747 [Gauge] [DEBUG] Sending API response: messageType:GetStepValueResponse messageId:4 stepValueResponse:{stepValue:{stepValue:"{} elementin üstünde bekle" parameterizedStepValue:"<key> elementin üstünde bekle" parameters:"key"}}
19-09-2024 12:59:39.751 [Gauge] [DEBUG] Api Request Received: messageType:GetStepValueRequest messageId:4 stepValueRequest:{stepText:"Click to element <key> with focus"}
19-09-2024 12:59:39.751 [Gauge] [DEBUG] Sending API response: messageType:GetStepValueResponse messageId:4 stepValueResponse:{stepValue:{stepValue:"Click to element {} with focus" parameterizedStepValue:"Click to element <key> with focus" parameters:"key"}}
19-09-2024 12:59:39.753 [Gauge] [DEBUG] Api Request Received: messageType:GetStepValueRequest messageId:4 stepValueRequest:{stepText:"<key> elementine focus ile tıkla"}
19-09-2024 12:59:39.753 [Gauge] [DEBUG] Sending API response: messageType:GetStepValueResponse messageId:4 stepValueResponse:{stepValue:{stepValue:"{} elementine focus ile tıkla" parameterizedStepValue:"<key> elementine focus ile tıkla" parameters:"key"}}
19-09-2024 12:59:39.755 [Gauge] [DEBUG] Api Request Received: messageType:GetStepValueRequest messageId:4 stepValueRequest:{stepText:"<key> elementini kontrol et"}
19-09-2024 12:59:39.755 [Gauge] [DEBUG] Sending API response: messageType:GetStepValueResponse messageId:4 stepValueResponse:{stepValue:{stepValue:"{} elementini kontrol et" parameterizedStepValue:"<key> elementini kontrol et" parameters:"key"}}
19-09-2024 12:59:39.756 [Gauge] [DEBUG] Api Request Received: messageType:GetStepValueRequest messageId:4 stepValueRequest:{stepText:"check <key> element is exist"}
19-09-2024 12:59:39.756 [Gauge] [DEBUG] Sending API response: messageType:GetStepValueResponse messageId:4 stepValueResponse:{stepValue:{stepValue:"check {} element is exist" parameterizedStepValue:"check <key> element is exist" parameters:"key"}}
19-09-2024 12:59:39.758 [Gauge] [DEBUG] Api Request Received: messageType:GetStepValueRequest messageId:4 stepValueRequest:{stepText:"<key> elementini kontrol et yoksa <key2> devam et"}
19-09-2024 12:59:39.758 [Gauge] [DEBUG] Sending API response: messageType:GetStepValueResponse messageId:4 stepValueResponse:{stepValue:{stepValue:"{} elementini kontrol et yoksa {} devam et" parameterizedStepValue:"<key> elementini kontrol et yoksa <key2> devam et" parameters:"key" parameters:"key2"}}
19-09-2024 12:59:39.759 [Gauge] [DEBUG] Api Request Received: messageType:GetStepValueRequest messageId:4 stepValueRequest:{stepText:"Go to <url> address"}
19-09-2024 12:59:39.759 [Gauge] [DEBUG] Sending API response: messageType:GetStepValueResponse messageId:4 stepValueResponse:{stepValue:{stepValue:"Go to {} address" parameterizedStepValue:"Go to <url> address" parameters:"url"}}
19-09-2024 12:59:39.759 [Gauge] [DEBUG] Api Request Received: messageType:GetStepValueRequest messageId:4 stepValueRequest:{stepText:"<url> adresine git"}
19-09-2024 12:59:39.759 [Gauge] [DEBUG] Sending API response: messageType:GetStepValueResponse messageId:4 stepValueResponse:{stepValue:{stepValue:"{} adresine git" parameterizedStepValue:"<url> adresine git" parameters:"url"}}
19-09-2024 12:59:39.760 [Gauge] [DEBUG] Api Request Received: messageType:GetStepValueRequest messageId:4 stepValueRequest:{stepText:"Wait for element to load with css <css>"}
19-09-2024 12:59:39.760 [Gauge] [DEBUG] Sending API response: messageType:GetStepValueResponse messageId:4 stepValueResponse:{stepValue:{stepValue:"Wait for element to load with css {}" parameterizedStepValue:"Wait for element to load with css <css>" parameters:"css"}}
19-09-2024 12:59:39.760 [Gauge] [DEBUG] Api Request Received: messageType:GetStepValueRequest messageId:4 stepValueRequest:{stepText:"Elementin yüklenmesini bekle css <css>"}
19-09-2024 12:59:39.760 [Gauge] [DEBUG] Sending API response: messageType:GetStepValueResponse messageId:4 stepValueResponse:{stepValue:{stepValue:"Elementin yüklenmesini bekle css {}" parameterizedStepValue:"Elementin yüklenmesini bekle css <css>" parameters:"css"}}
19-09-2024 12:59:39.760 [Gauge] [DEBUG] Api Request Received: messageType:GetStepValueRequest messageId:4 stepValueRequest:{stepText:"Wait for element to load with xpath <xpath>"}
19-09-2024 12:59:39.760 [Gauge] [DEBUG] Sending API response: messageType:GetStepValueResponse messageId:4 stepValueResponse:{stepValue:{stepValue:"Wait for element to load with xpath {}" parameterizedStepValue:"Wait for element to load with xpath <xpath>" parameters:"xpath"}}
19-09-2024 12:59:39.761 [Gauge] [DEBUG] Api Request Received: messageType:GetStepValueRequest messageId:4 stepValueRequest:{stepText:"Elementinin yüklenmesini bekle xpath <xpath>"}
19-09-2024 12:59:39.761 [Gauge] [DEBUG] Sending API response: messageType:GetStepValueResponse messageId:4 stepValueResponse:{stepValue:{stepValue:"Elementinin yüklenmesini bekle xpath {}" parameterizedStepValue:"Elementinin yüklenmesini bekle xpath <xpath>" parameters:"xpath"}}
19-09-2024 12:59:39.761 [Gauge] [DEBUG] Api Request Received: messageType:GetStepValueRequest messageId:4 stepValueRequest:{stepText:"Check if element <key> exists else print message <message>"}
19-09-2024 12:59:39.762 [Gauge] [DEBUG] Sending API response: messageType:GetStepValueResponse messageId:4 stepValueResponse:{stepValue:{stepValue:"Check if element {} exists else print message {}" parameterizedStepValue:"Check if element <key> exists else print message <message>" parameters:"key" parameters:"message"}}
19-09-2024 12:59:39.762 [Gauge] [DEBUG] Api Request Received: messageType:GetStepValueRequest messageId:4 stepValueRequest:{stepText:"Element <key> var mı kontrol et yoksa hata mesajı ver <message>"}
19-09-2024 12:59:39.762 [Gauge] [DEBUG] Sending API response: messageType:GetStepValueResponse messageId:4 stepValueResponse:{stepValue:{stepValue:"Element {} var mı kontrol et yoksa hata mesajı ver {}" parameterizedStepValue:"Element <key> var mı kontrol et yoksa hata mesajı ver <message>" parameters:"key" parameters:"message"}}
19-09-2024 12:59:39.762 [Gauge] [DEBUG] Api Request Received: messageType:GetStepValueRequest messageId:4 stepValueRequest:{stepText:"Check if element <key> not exists"}
19-09-2024 12:59:39.762 [Gauge] [DEBUG] Sending API response: messageType:GetStepValueResponse messageId:4 stepValueResponse:{stepValue:{stepValue:"Check if element {} not exists" parameterizedStepValue:"Check if element <key> not exists" parameters:"key"}}
19-09-2024 12:59:39.763 [Gauge] [DEBUG] Api Request Received: messageType:GetStepValueRequest messageId:4 stepValueRequest:{stepText:"Upload file in project <path> to element <key>"}
19-09-2024 12:59:39.763 [Gauge] [DEBUG] Sending API response: messageType:GetStepValueResponse messageId:4 stepValueResponse:{stepValue:{stepValue:"Upload file in project {} to element {}" parameterizedStepValue:"Upload file in project <path> to element <key>" parameters:"path" parameters:"key"}}
19-09-2024 12:59:39.763 [Gauge] [DEBUG] Api Request Received: messageType:GetStepValueRequest messageId:4 stepValueRequest:{stepText:"Proje içindeki <path> dosyayı <key> elemente upload et"}
19-09-2024 12:59:39.763 [Gauge] [DEBUG] Sending API response: messageType:GetStepValueResponse messageId:4 stepValueResponse:{stepValue:{stepValue:"Proje içindeki {} dosyayı {} elemente upload et" parameterizedStepValue:"Proje içindeki <path> dosyayı <key> elemente upload et" parameters:"path" parameters:"key"}}
19-09-2024 12:59:39.764 [Gauge] [DEBUG] Api Request Received: messageType:GetStepValueRequest messageId:4 stepValueRequest:{stepText:"Write value <text> to element <key>"}
19-09-2024 12:59:39.765 [Gauge] [DEBUG] Sending API response: messageType:GetStepValueResponse messageId:4 stepValueResponse:{stepValue:{stepValue:"Write value {} to element {}" parameterizedStepValue:"Write value <text> to element <key>" parameters:"text" parameters:"key"}}
19-09-2024 12:59:39.765 [Gauge] [DEBUG] Api Request Received: messageType:GetStepValueRequest messageId:4 stepValueRequest:{stepText:"<text> textini <key> elemente yaz"}
19-09-2024 12:59:39.765 [Gauge] [DEBUG] Sending API response: messageType:GetStepValueResponse messageId:4 stepValueResponse:{stepValue:{stepValue:"{} textini {} elemente yaz" parameterizedStepValue:"<text> textini <key> elemente yaz" parameters:"text" parameters:"key"}}
19-09-2024 12:59:39.766 [Gauge] [DEBUG] Api Request Received: messageType:GetStepValueRequest messageId:4 stepValueRequest:{stepText:"Click with javascript to css <css>"}
19-09-2024 12:59:39.766 [Gauge] [DEBUG] Sending API response: messageType:GetStepValueResponse messageId:4 stepValueResponse:{stepValue:{stepValue:"Click with javascript to css {}" parameterizedStepValue:"Click with javascript to css <css>" parameters:"css"}}
19-09-2024 12:59:39.766 [Gauge] [DEBUG] Api Request Received: messageType:GetStepValueRequest messageId:4 stepValueRequest:{stepText:"Javascript ile css tıkla <css>"}
19-09-2024 12:59:39.766 [Gauge] [DEBUG] Sending API response: messageType:GetStepValueResponse messageId:4 stepValueResponse:{stepValue:{stepValue:"Javascript ile css tıkla {}" parameterizedStepValue:"Javascript ile css tıkla <css>" parameters:"css"}}
19-09-2024 12:59:39.773 [Gauge] [DEBUG] Api Request Received: messageType:GetStepValueRequest messageId:4 stepValueRequest:{stepText:"Click with javascript to xpath <xpath>"}
19-09-2024 12:59:39.773 [Gauge] [DEBUG] Sending API response: messageType:GetStepValueResponse messageId:4 stepValueResponse:{stepValue:{stepValue:"Click with javascript to xpath {}" parameterizedStepValue:"Click with javascript to xpath <xpath>" parameters:"xpath"}}
19-09-2024 12:59:39.780 [Gauge] [DEBUG] Api Request Received: messageType:GetStepValueRequest messageId:4 stepValueRequest:{stepText:"Javascript ile xpath tıkla <xpath>"}
19-09-2024 12:59:39.780 [Gauge] [DEBUG] Sending API response: messageType:GetStepValueResponse messageId:4 stepValueResponse:{stepValue:{stepValue:"Javascript ile xpath tıkla {}" parameterizedStepValue:"Javascript ile xpath tıkla <xpath>" parameters:"xpath"}}
19-09-2024 12:59:39.782 [Gauge] [DEBUG] Api Request Received: messageType:GetStepValueRequest messageId:4 stepValueRequest:{stepText:"Check if current URL contains the value <expectedURL>"}
19-09-2024 12:59:39.783 [Gauge] [DEBUG] Sending API response: messageType:GetStepValueResponse messageId:4 stepValueResponse:{stepValue:{stepValue:"Check if current URL contains the value {}" parameterizedStepValue:"Check if current URL contains the value <expectedURL>" parameters:"expectedURL"}}
19-09-2024 12:59:39.784 [Gauge] [DEBUG] Api Request Received: messageType:GetStepValueRequest messageId:4 stepValueRequest:{stepText:"Şuanki URL <url> değerini içeriyor mu kontrol et"}
19-09-2024 12:59:39.785 [Gauge] [DEBUG] Sending API response: messageType:GetStepValueResponse messageId:4 stepValueResponse:{stepValue:{stepValue:"Şuanki URL {} değerini içeriyor mu kontrol et" parameterizedStepValue:"Şuanki URL <url> değerini içeriyor mu kontrol et" parameters:"url"}}
19-09-2024 12:59:39.787 [Gauge] [DEBUG] Api Request Received: messageType:GetStepValueRequest messageId:4 stepValueRequest:{stepText:"Send TAB key to element <key>"}
19-09-2024 12:59:39.787 [Gauge] [DEBUG] Sending API response: messageType:GetStepValueResponse messageId:4 stepValueResponse:{stepValue:{stepValue:"Send TAB key to element {}" parameterizedStepValue:"Send TAB key to element <key>" parameters:"key"}}
19-09-2024 12:59:39.788 [Gauge] [DEBUG] Api Request Received: messageType:GetStepValueRequest messageId:4 stepValueRequest:{stepText:"Elemente TAB keyi yolla <key>"}
19-09-2024 12:59:39.788 [Gauge] [DEBUG] Sending API response: messageType:GetStepValueResponse messageId:4 stepValueResponse:{stepValue:{stepValue:"Elemente TAB keyi yolla {}" parameterizedStepValue:"Elemente TAB keyi yolla <key>" parameters:"key"}}
19-09-2024 12:59:39.790 [Gauge] [DEBUG] Api Request Received: messageType:GetStepValueRequest messageId:4 stepValueRequest:{stepText:"Send BACKSPACE key to element <key>"}
19-09-2024 12:59:39.790 [Gauge] [DEBUG] Sending API response: messageType:GetStepValueResponse messageId:4 stepValueResponse:{stepValue:{stepValue:"Send BACKSPACE key to element {}" parameterizedStepValue:"Send BACKSPACE key to element <key>" parameters:"key"}}
19-09-2024 12:59:39.792 [Gauge] [DEBUG] Api Request Received: messageType:GetStepValueRequest messageId:4 stepValueRequest:{stepText:"Elemente BACKSPACE keyi yolla <key>"}
19-09-2024 12:59:39.792 [Gauge] [DEBUG] Sending API response: messageType:GetStepValueResponse messageId:4 stepValueResponse:{stepValue:{stepValue:"Elemente BACKSPACE keyi yolla {}" parameterizedStepValue:"Elemente BACKSPACE keyi yolla <key>" parameters:"key"}}
19-09-2024 12:59:39.797 [Gauge] [DEBUG] Api Request Received: messageType:GetStepValueRequest messageId:4 stepValueRequest:{stepText:"Send down key to element with <key>"}
19-09-2024 12:59:39.797 [Gauge] [DEBUG] Sending API response: messageType:GetStepValueResponse messageId:4 stepValueResponse:{stepValue:{stepValue:"Send down key to element with {}" parameterizedStepValue:"Send down key to element with <key>" parameters:"key"}}
19-09-2024 12:59:39.800 [Gauge] [DEBUG] Api Request Received: messageType:GetStepValueRequest messageId:4 stepValueRequest:{stepText:"Send down key to the screen"}
19-09-2024 12:59:39.800 [Gauge] [DEBUG] Sending API response: messageType:GetStepValueResponse messageId:4 stepValueResponse:{stepValue:{stepValue:"Send down key to the screen" parameterizedStepValue:"Send down key to the screen"}}
19-09-2024 12:59:39.800 [Gauge] [DEBUG] Api Request Received: messageType:GetStepValueRequest messageId:4 stepValueRequest:{stepText:"Send down key to the screen 40 times"}
19-09-2024 12:59:39.801 [Gauge] [DEBUG] Sending API response: messageType:GetStepValueResponse messageId:4 stepValueResponse:{stepValue:{stepValue:"Send down key to the screen 40 times" parameterizedStepValue:"Send down key to the screen 40 times"}}
19-09-2024 12:59:39.802 [Gauge] [DEBUG] Api Request Received: messageType:GetStepValueRequest messageId:4 stepValueRequest:{stepText:"Send down key to the screen 4 times"}
19-09-2024 12:59:39.802 [Gauge] [DEBUG] Sending API response: messageType:GetStepValueResponse messageId:4 stepValueResponse:{stepValue:{stepValue:"Send down key to the screen 4 times" parameterizedStepValue:"Send down key to the screen 4 times"}}
19-09-2024 12:59:39.804 [Gauge] [DEBUG] Api Request Received: messageType:GetStepValueRequest messageId:4 stepValueRequest:{stepText:"Send ESCAPE key to element <key>"}
19-09-2024 12:59:39.804 [Gauge] [DEBUG] Sending API response: messageType:GetStepValueResponse messageId:4 stepValueResponse:{stepValue:{stepValue:"Send ESCAPE key to element {}" parameterizedStepValue:"Send ESCAPE key to element <key>" parameters:"key"}}
19-09-2024 12:59:39.806 [Gauge] [DEBUG] Api Request Received: messageType:GetStepValueRequest messageId:4 stepValueRequest:{stepText:"Elemente ESCAPE keyi yolla <key>"}
19-09-2024 12:59:39.806 [Gauge] [DEBUG] Sending API response: messageType:GetStepValueResponse messageId:4 stepValueResponse:{stepValue:{stepValue:"Elemente ESCAPE keyi yolla {}" parameterizedStepValue:"Elemente ESCAPE keyi yolla <key>" parameters:"key"}}
19-09-2024 12:59:39.808 [Gauge] [DEBUG] Api Request Received: messageType:GetStepValueRequest messageId:4 stepValueRequest:{stepText:"Check if element <key> has attribute <attribute>"}
19-09-2024 12:59:39.809 [Gauge] [DEBUG] Sending API response: messageType:GetStepValueResponse messageId:4 stepValueResponse:{stepValue:{stepValue:"Check if element {} has attribute {}" parameterizedStepValue:"Check if element <key> has attribute <attribute>" parameters:"key" parameters:"attribute"}}
19-09-2024 12:59:39.811 [Gauge] [DEBUG] Api Request Received: messageType:GetStepValueRequest messageId:4 stepValueRequest:{stepText:"<key> elementi <attribute> niteliğine sahip mi"}
19-09-2024 12:59:39.811 [Gauge] [DEBUG] Sending API response: messageType:GetStepValueResponse messageId:4 stepValueResponse:{stepValue:{stepValue:"{} elementi {} niteliğine sahip mi" parameterizedStepValue:"<key> elementi <attribute> niteliğine sahip mi" parameters:"key" parameters:"attribute"}}
19-09-2024 12:59:39.814 [Gauge] [DEBUG] Api Request Received: messageType:GetStepValueRequest messageId:4 stepValueRequest:{stepText:"Check if element <key> not have attribute <attribute>"}
19-09-2024 12:59:39.814 [Gauge] [DEBUG] Sending API response: messageType:GetStepValueResponse messageId:4 stepValueResponse:{stepValue:{stepValue:"Check if element {} not have attribute {}" parameterizedStepValue:"Check if element <key> not have attribute <attribute>" parameters:"key" parameters:"attribute"}}
19-09-2024 12:59:39.815 [Gauge] [DEBUG] Api Request Received: messageType:GetStepValueRequest messageId:4 stepValueRequest:{stepText:"<key> elementi <attribute> niteliğine sahip değil mi"}
19-09-2024 12:59:39.815 [Gauge] [DEBUG] Sending API response: messageType:GetStepValueResponse messageId:4 stepValueResponse:{stepValue:{stepValue:"{} elementi {} niteliğine sahip değil mi" parameterizedStepValue:"<key> elementi <attribute> niteliğine sahip değil mi" parameters:"key" parameters:"attribute"}}
19-09-2024 12:59:39.816 [Gauge] [DEBUG] Api Request Received: messageType:GetStepValueRequest messageId:4 stepValueRequest:{stepText:"* Go to \"\" address"}
19-09-2024 12:59:39.816 [Gauge] [DEBUG] Sending API response: messageType:GetStepValueResponse messageId:4 stepValueResponse:{stepValue:{stepValue:"* Go to {} address" parameterizedStepValue:"* Go to <> address" parameters:""}}
19-09-2024 12:59:39.818 [Gauge] [DEBUG] Api Request Received: messageType:GetStepValueRequest messageId:4 stepValueRequest:{stepText:"* Write value \"59479391614\" to element \"tckimliknotextbox\""}
19-09-2024 12:59:39.818 [Gauge] [DEBUG] Sending API response: messageType:GetStepValueResponse messageId:4 stepValueResponse:{stepValue:{stepValue:"* Write value {} to element {}" parameterizedStepValue:"* Write value <59479391614> to element <tckimliknotextbox>" parameters:"59479391614" parameters:"tckimliknotextbox"}}
19-09-2024 12:59:39.819 [Gauge] [DEBUG] Api Request Received: messageType:GetStepValueRequest messageId:4 stepValueRequest:{stepText:"* Elementine tıkla \"dgtarihitextbox\""}
19-09-2024 12:59:39.819 [Gauge] [DEBUG] Sending API response: messageType:GetStepValueResponse messageId:4 stepValueResponse:{stepValue:{stepValue:"* Elementine tıkla {}" parameterizedStepValue:"* Elementine tıkla <dgtarihitextbox>" parameters:"dgtarihitextbox"}}
19-09-2024 12:59:39.819 [Gauge] [DEBUG] Api Request Received: messageType:GetStepValueRequest messageId:4 stepValueRequest:{stepText:"Check if <key> element's attribute <attribute> equals to the value <expectedValue>"}
19-09-2024 12:59:39.819 [Gauge] [DEBUG] Sending API response: messageType:GetStepValueResponse messageId:4 stepValueResponse:{stepValue:{stepValue:"Check if {} element's attribute {} equals to the value {}" parameterizedStepValue:"Check if <key> element's attribute <attribute> equals to the value <expectedValue>" parameters:"key" parameters:"attribute" parameters:"expectedValue"}}
19-09-2024 12:59:39.821 [Gauge] [DEBUG] Api Request Received: messageType:GetStepValueRequest messageId:4 stepValueRequest:{stepText:"<key> elementinin <attribute> niteliği <value> değerine sahip mi"}
19-09-2024 12:59:39.821 [Gauge] [DEBUG] Sending API response: messageType:GetStepValueResponse messageId:4 stepValueResponse:{stepValue:{stepValue:"{} elementinin {} niteliği {} değerine sahip mi" parameterizedStepValue:"<key> elementinin <attribute> niteliği <value> değerine sahip mi" parameters:"key" parameters:"attribute" parameters:"value"}}
19-09-2024 12:59:39.823 [Gauge] [DEBUG] Api Request Received: messageType:GetStepValueRequest messageId:4 stepValueRequest:{stepText:"* Elementine tıkla \"girisyapbutton\""}
19-09-2024 12:59:39.823 [Gauge] [DEBUG] Sending API response: messageType:GetStepValueResponse messageId:4 stepValueResponse:{stepValue:{stepValue:"* Elementine tıkla {}" parameterizedStepValue:"* Elementine tıkla <girisyapbutton>" parameters:"girisyapbutton"}}
19-09-2024 12:59:39.825 [Gauge] [DEBUG] Api Request Received: messageType:GetStepValueRequest messageId:4 stepValueRequest:{stepText:"* Gorunur olmasini bekle \"smscodeLabel\""}
19-09-2024 12:59:39.825 [Gauge] [DEBUG] Sending API response: messageType:GetStepValueResponse messageId:4 stepValueResponse:{stepValue:{stepValue:"* Gorunur olmasini bekle {}" parameterizedStepValue:"* Gorunur olmasini bekle <smscodeLabel>" parameters:"smscodeLabel"}}
19-09-2024 12:59:39.828 [Gauge] [DEBUG] Api Request Received: messageType:GetStepValueRequest messageId:4 stepValueRequest:{stepText:"* Element \"raporlabel\" var mı kontrol et yoksa hata mesajı ver \"message\""}
19-09-2024 12:59:39.828 [Gauge] [DEBUG] Sending API response: messageType:GetStepValueResponse messageId:4 stepValueResponse:{stepValue:{stepValue:"* Element {} var mı kontrol et yoksa hata mesajı ver {}" parameterizedStepValue:"* Element <raporlabel> var mı kontrol et yoksa hata mesajı ver <message>" parameters:"raporlabel" parameters:"message"}}
19-09-2024 12:59:39.831 [Gauge] [DEBUG] Api Request Received: messageType:GetStepValueRequest messageId:4 stepValueRequest:{stepText:"KullaniciLoginOlur"}
19-09-2024 12:59:39.831 [Gauge] [DEBUG] Sending API response: messageType:GetStepValueResponse messageId:4 stepValueResponse:{stepValue:{stepValue:"KullaniciLoginOlur" parameterizedStepValue:"KullaniciLoginOlur"}}
19-09-2024 12:59:39.833 [Gauge] [DEBUG] Api Request Received: messageType:GetStepValueRequest messageId:4 stepValueRequest:{stepText:"Scroll down and Download"}
19-09-2024 12:59:39.833 [Gauge] [DEBUG] Sending API response: messageType:GetStepValueResponse messageId:4 stepValueResponse:{stepValue:{stepValue:"Scroll down and Download" parameterizedStepValue:"Scroll down and Download"}}
19-09-2024 12:59:39.836 [Gauge] [DEBUG] Api Request Received: messageType:GetStepValueRequest messageId:4 stepValueRequest:{stepText:"<key> olarak <text> seçersem"}
19-09-2024 12:59:39.836 [Gauge] [DEBUG] Sending API response: messageType:GetStepValueResponse messageId:4 stepValueResponse:{stepValue:{stepValue:"{} olarak {} seçersem" parameterizedStepValue:"<key> olarak <text> seçersem" parameters:"key" parameters:"text"}}
19-09-2024 12:59:39.843 [Gauge] [DEBUG] Api Request Received: messageType:GetStepValueRequest messageId:4 stepValueRequest:{stepText:"Siparis durmununu <kartDurumu> elementinden bul"}
19-09-2024 12:59:39.843 [Gauge] [DEBUG] Sending API response: messageType:GetStepValueResponse messageId:4 stepValueResponse:{stepValue:{stepValue:"Siparis durmununu {} elementinden bul" parameterizedStepValue:"Siparis durmununu <kartDurumu> elementinden bul" parameters:"kartDurumu"}}
19-09-2024 12:59:39.847 [Gauge] [DEBUG] Api Request Received: messageType:GetStepValueRequest messageId:4 stepValueRequest:{stepText:"Check if <key> element's attribute <attribute> contains the value <expectedValue>"}
19-09-2024 12:59:39.847 [Gauge] [DEBUG] Sending API response: messageType:GetStepValueResponse messageId:4 stepValueResponse:{stepValue:{stepValue:"Check if {} element's attribute {} contains the value {}" parameterizedStepValue:"Check if <key> element's attribute <attribute> contains the value <expectedValue>" parameters:"key" parameters:"attribute" parameters:"expectedValue"}}
19-09-2024 12:59:39.849 [Gauge] [DEBUG] Api Request Received: messageType:GetStepValueRequest messageId:4 stepValueRequest:{stepText:"<key> elementinin <attribute> niteliği <value> değerini içeriyor mu"}
19-09-2024 12:59:39.849 [Gauge] [DEBUG] Sending API response: messageType:GetStepValueResponse messageId:4 stepValueResponse:{stepValue:{stepValue:"{} elementinin {} niteliği {} değerini içeriyor mu" parameterizedStepValue:"<key> elementinin <attribute> niteliği <value> değerini içeriyor mu" parameters:"key" parameters:"attribute" parameters:"value"}}
19-09-2024 12:59:39.849 [Gauge] [DEBUG] Api Request Received: messageType:GetStepValueRequest messageId:4 stepValueRequest:{stepText:"Write <value> to <attributeName> of element <key>"}
19-09-2024 12:59:39.850 [Gauge] [DEBUG] Sending API response: messageType:GetStepValueResponse messageId:4 stepValueResponse:{stepValue:{stepValue:"Write {} to {} of element {}" parameterizedStepValue:"Write <value> to <attributeName> of element <key>" parameters:"value" parameters:"attributeName" parameters:"key"}}
19-09-2024 12:59:39.850 [Gauge] [DEBUG] Api Request Received: messageType:GetStepValueRequest messageId:4 stepValueRequest:{stepText:"<value> değerini <attribute> niteliğine <key> elementi için yaz"}
19-09-2024 12:59:39.850 [Gauge] [DEBUG] Sending API response: messageType:GetStepValueResponse messageId:4 stepValueResponse:{stepValue:{stepValue:"{} değerini {} niteliğine {} elementi için yaz" parameterizedStepValue:"<value> değerini <attribute> niteliğine <key> elementi için yaz" parameters:"value" parameters:"attribute" parameters:"key"}}
19-09-2024 12:59:39.850 [Gauge] [DEBUG] Api Request Received: messageType:GetStepValueRequest messageId:4 stepValueRequest:{stepText:"<key> elementiyle karsilastir"}
19-09-2024 12:59:39.850 [Gauge] [DEBUG] Sending API response: messageType:GetStepValueResponse messageId:4 stepValueResponse:{stepValue:{stepValue:"{} elementiyle karsilastir" parameterizedStepValue:"<key> elementiyle karsilastir" parameters:"key"}}
19-09-2024 12:59:39.852 [Gauge] [DEBUG] Api Request Received: messageType:GetStepValueRequest messageId:4 stepValueRequest:{stepText:"Write <value> to <attributeName> of element <key> with Js"}
19-09-2024 12:59:39.852 [Gauge] [DEBUG] Sending API response: messageType:GetStepValueResponse messageId:4 stepValueResponse:{stepValue:{stepValue:"Write {} to {} of element {} with Js" parameterizedStepValue:"Write <value> to <attributeName> of element <key> with Js" parameters:"value" parameters:"attributeName" parameters:"key"}}
19-09-2024 12:59:39.853 [Gauge] [DEBUG] Api Request Received: messageType:GetStepValueRequest messageId:4 stepValueRequest:{stepText:"<value> değerini <attribute> niteliğine <key> elementi için JS ile yaz"}
19-09-2024 12:59:39.853 [Gauge] [DEBUG] Sending API response: messageType:GetStepValueResponse messageId:4 stepValueResponse:{stepValue:{stepValue:"{} değerini {} niteliğine {} elementi için JS ile yaz" parameterizedStepValue:"<value> değerini <attribute> niteliğine <key> elementi için JS ile yaz" parameters:"value" parameters:"attribute" parameters:"key"}}
19-09-2024 12:59:39.855 [Gauge] [DEBUG] Api Request Received: messageType:GetStepValueRequest messageId:4 stepValueRequest:{stepText:"Clear text of element <key>"}
19-09-2024 12:59:39.856 [Gauge] [DEBUG] Sending API response: messageType:GetStepValueResponse messageId:4 stepValueResponse:{stepValue:{stepValue:"Clear text of element {}" parameterizedStepValue:"Clear text of element <key>" parameters:"key"}}
19-09-2024 12:59:39.857 [Gauge] [DEBUG] Api Request Received: messageType:GetStepValueRequest messageId:4 stepValueRequest:{stepText:"<key> elementinin text alanını temizle"}
19-09-2024 12:59:39.857 [Gauge] [DEBUG] Sending API response: messageType:GetStepValueResponse messageId:4 stepValueResponse:{stepValue:{stepValue:"{} elementinin text alanını temizle" parameterizedStepValue:"<key> elementinin text alanını temizle" parameters:"key"}}
19-09-2024 12:59:39.858 [Gauge] [DEBUG] Api Request Received: messageType:GetStepValueRequest messageId:4 stepValueRequest:{stepText:"<text> pathi hafızada tut"}
19-09-2024 12:59:39.858 [Gauge] [DEBUG] Sending API response: messageType:GetStepValueResponse messageId:4 stepValueResponse:{stepValue:{stepValue:"{} pathi hafızada tut" parameterizedStepValue:"<text> pathi hafızada tut" parameters:"text"}}
19-09-2024 12:59:39.858 [Gauge] [DEBUG] Api Request Received: messageType:GetStepValueRequest messageId:4 stepValueRequest:{stepText:"Yapıştır ve gönder"}
19-09-2024 12:59:39.859 [Gauge] [DEBUG] Sending API response: messageType:GetStepValueResponse messageId:4 stepValueResponse:{stepValue:{stepValue:"Yapıştır ve gönder" parameterizedStepValue:"Yapıştır ve gönder"}}
19-09-2024 12:59:39.859 [Gauge] [DEBUG] Api Request Received: messageType:GetStepValueRequest messageId:4 stepValueRequest:{stepText:"Clear text of element <key> with BACKSPACE"}
19-09-2024 12:59:39.859 [Gauge] [DEBUG] Sending API response: messageType:GetStepValueResponse messageId:4 stepValueResponse:{stepValue:{stepValue:"Clear text of element {} with BACKSPACE" parameterizedStepValue:"Clear text of element <key> with BACKSPACE" parameters:"key"}}
19-09-2024 12:59:39.859 [Gauge] [DEBUG] Api Request Received: messageType:GetStepValueRequest messageId:4 stepValueRequest:{stepText:"<key> elementinin text alanını BACKSPACE ile temizle"}
19-09-2024 12:59:39.859 [Gauge] [DEBUG] Sending API response: messageType:GetStepValueResponse messageId:4 stepValueResponse:{stepValue:{stepValue:"{} elementinin text alanını BACKSPACE ile temizle" parameterizedStepValue:"<key> elementinin text alanını BACKSPACE ile temizle" parameters:"key"}}
19-09-2024 12:59:39.860 [Gauge] [DEBUG] Api Request Received: messageType:GetStepValueRequest messageId:4 stepValueRequest:{stepText:"Save attribute <attribute> value of element <key>"}
19-09-2024 12:59:39.860 [Gauge] [DEBUG] Sending API response: messageType:GetStepValueResponse messageId:4 stepValueResponse:{stepValue:{stepValue:"Save attribute {} value of element {}" parameterizedStepValue:"Save attribute <attribute> value of element <key>" parameters:"attribute" parameters:"key"}}
19-09-2024 12:59:39.860 [Gauge] [DEBUG] Api Request Received: messageType:GetStepValueRequest messageId:4 stepValueRequest:{stepText:"<attribute> niteliğini sakla <key> elementi için"}
19-09-2024 12:59:39.860 [Gauge] [DEBUG] Sending API response: messageType:GetStepValueResponse messageId:4 stepValueResponse:{stepValue:{stepValue:"{} niteliğini sakla {} elementi için" parameterizedStepValue:"<attribute> niteliğini sakla <key> elementi için" parameters:"attribute" parameters:"key"}}
19-09-2024 12:59:39.862 [Gauge] [DEBUG] Api Request Received: messageType:GetStepValueRequest messageId:4 stepValueRequest:{stepText:"Write saved attribute value to element <key>"}
19-09-2024 12:59:39.862 [Gauge] [DEBUG] Sending API response: messageType:GetStepValueResponse messageId:4 stepValueResponse:{stepValue:{stepValue:"Write saved attribute value to element {}" parameterizedStepValue:"Write saved attribute value to element <key>" parameters:"key"}}
19-09-2024 12:59:39.862 [Gauge] [DEBUG] Api Request Received: messageType:GetStepValueRequest messageId:4 stepValueRequest:{stepText:"Kaydedilmiş niteliği <key> elementine yaz"}
19-09-2024 12:59:39.862 [Gauge] [DEBUG] Sending API response: messageType:GetStepValueResponse messageId:4 stepValueResponse:{stepValue:{stepValue:"Kaydedilmiş niteliği {} elementine yaz" parameterizedStepValue:"Kaydedilmiş niteliği <key> elementine yaz" parameters:"key"}}
19-09-2024 12:59:39.863 [Gauge] [DEBUG] Api Request Received: messageType:GetStepValueRequest messageId:4 stepValueRequest:{stepText:"Check if element <key> contains text <expectedText>"}
19-09-2024 12:59:39.863 [Gauge] [DEBUG] Sending API response: messageType:GetStepValueResponse messageId:4 stepValueResponse:{stepValue:{stepValue:"Check if element {} contains text {}" parameterizedStepValue:"Check if element <key> contains text <expectedText>" parameters:"key" parameters:"expectedText"}}
19-09-2024 12:59:39.865 [Gauge] [DEBUG] Api Request Received: messageType:GetStepValueRequest messageId:4 stepValueRequest:{stepText:"<key> elementi <text> değerini içeriyor mu kontrol et"}
19-09-2024 12:59:39.865 [Gauge] [DEBUG] Sending API response: messageType:GetStepValueResponse messageId:4 stepValueResponse:{stepValue:{stepValue:"{} elementi {} değerini içeriyor mu kontrol et" parameterizedStepValue:"<key> elementi <text> değerini içeriyor mu kontrol et" parameters:"key" parameters:"text"}}
19-09-2024 12:59:39.866 [Gauge] [DEBUG] Api Request Received: messageType:GetStepValueRequest messageId:4 stepValueRequest:{stepText:"Write random value to element <key>"}
19-09-2024 12:59:39.866 [Gauge] [DEBUG] Sending API response: messageType:GetStepValueResponse messageId:4 stepValueResponse:{stepValue:{stepValue:"Write random value to element {}" parameterizedStepValue:"Write random value to element <key>" parameters:"key"}}
19-09-2024 12:59:39.866 [Gauge] [DEBUG] Api Request Received: messageType:GetStepValueRequest messageId:4 stepValueRequest:{stepText:"<key> elementine random değer yaz"}
19-09-2024 12:59:39.866 [Gauge] [DEBUG] Sending API response: messageType:GetStepValueResponse messageId:4 stepValueResponse:{stepValue:{stepValue:"{} elementine random değer yaz" parameterizedStepValue:"<key> elementine random değer yaz" parameters:"key"}}
19-09-2024 12:59:39.867 [Gauge] [DEBUG] Api Request Received: messageType:GetStepValueRequest messageId:4 stepValueRequest:{stepText:"Write random value to element <key> starting with <text>"}
19-09-2024 12:59:39.867 [Gauge] [DEBUG] Sending API response: messageType:GetStepValueResponse messageId:4 stepValueResponse:{stepValue:{stepValue:"Write random value to element {} starting with {}" parameterizedStepValue:"Write random value to element <key> starting with <text>" parameters:"key" parameters:"text"}}
19-09-2024 12:59:39.867 [Gauge] [DEBUG] Api Request Received: messageType:GetStepValueRequest messageId:4 stepValueRequest:{stepText:"<key> elementine <text> değeri ile başlayan random değer yaz"}
19-09-2024 12:59:39.867 [Gauge] [DEBUG] Sending API response: messageType:GetStepValueResponse messageId:4 stepValueResponse:{stepValue:{stepValue:"{} elementine {} değeri ile başlayan random değer yaz" parameterizedStepValue:"<key> elementine <text> değeri ile başlayan random değer yaz" parameters:"key" parameters:"text"}}
19-09-2024 12:59:39.867 [Gauge] [DEBUG] Api Request Received: messageType:GetStepValueRequest messageId:4 stepValueRequest:{stepText:"Print element text by css <css>"}
19-09-2024 12:59:39.867 [Gauge] [DEBUG] Sending API response: messageType:GetStepValueResponse messageId:4 stepValueResponse:{stepValue:{stepValue:"Print element text by css {}" parameterizedStepValue:"Print element text by css <css>" parameters:"css"}}
19-09-2024 12:59:39.868 [Gauge] [DEBUG] Api Request Received: messageType:GetStepValueRequest messageId:4 stepValueRequest:{stepText:"Elementin text değerini yazdır css <css>"}
19-09-2024 12:59:39.868 [Gauge] [DEBUG] Sending API response: messageType:GetStepValueResponse messageId:4 stepValueResponse:{stepValue:{stepValue:"Elementin text değerini yazdır css {}" parameterizedStepValue:"Elementin text değerini yazdır css <css>" parameters:"css"}}
19-09-2024 12:59:39.869 [Gauge] [DEBUG] Api Request Received: messageType:GetStepValueRequest messageId:4 stepValueRequest:{stepText:"Write value <string> to element <key> with focus"}
19-09-2024 12:59:39.869 [Gauge] [DEBUG] Sending API response: messageType:GetStepValueResponse messageId:4 stepValueResponse:{stepValue:{stepValue:"Write value {} to element {} with focus" parameterizedStepValue:"Write value <string> to element <key> with focus" parameters:"string" parameters:"key"}}
19-09-2024 12:59:39.869 [Gauge] [DEBUG] Api Request Received: messageType:GetStepValueRequest messageId:4 stepValueRequest:{stepText:"<string> değerini <key> elementine focus ile yaz"}
19-09-2024 12:59:39.870 [Gauge] [DEBUG] Sending API response: messageType:GetStepValueResponse messageId:4 stepValueResponse:{stepValue:{stepValue:"{} değerini {} elementine focus ile yaz" parameterizedStepValue:"<string> değerini <key> elementine focus ile yaz" parameters:"string" parameters:"key"}}
19-09-2024 12:59:39.870 [Gauge] [DEBUG] Api Request Received: messageType:GetStepValueRequest messageId:4 stepValueRequest:{stepText:"Refresh page"}
19-09-2024 12:59:39.870 [Gauge] [DEBUG] Sending API response: messageType:GetStepValueResponse messageId:4 stepValueResponse:{stepValue:{stepValue:"Refresh page" parameterizedStepValue:"Refresh page"}}
19-09-2024 12:59:39.870 [Gauge] [DEBUG] Api Request Received: messageType:GetStepValueRequest messageId:4 stepValueRequest:{stepText:"Sayfayı yenile"}
19-09-2024 12:59:39.870 [Gauge] [DEBUG] Sending API response: messageType:GetStepValueResponse messageId:4 stepValueResponse:{stepValue:{stepValue:"Sayfayı yenile" parameterizedStepValue:"Sayfayı yenile"}}
19-09-2024 12:59:39.871 [Gauge] [DEBUG] Api Request Received: messageType:GetStepValueRequest messageId:4 stepValueRequest:{stepText:"Change page zoom to <value>%!"(MISSING)}
19-09-2024 12:59:39.871 [Gauge] [DEBUG] Sending API response: messageType:GetStepValueResponse messageId:4 stepValueResponse:{stepValue:{stepValue:"Change page zoom to {}%!"(MISSING) parameterizedStepValue:"Change page zoom to <value>%!"(MISSING) parameters:"value"}}
19-09-2024 12:59:39.872 [Gauge] [DEBUG] Api Request Received: messageType:GetStepValueRequest messageId:4 stepValueRequest:{stepText:"Sayfanın zoom değerini değiştir <value>%!"(MISSING)}
19-09-2024 12:59:39.872 [Gauge] [DEBUG] Sending API response: messageType:GetStepValueResponse messageId:4 stepValueResponse:{stepValue:{stepValue:"Sayfanın zoom değerini değiştir {}%!"(MISSING) parameterizedStepValue:"Sayfanın zoom değerini değiştir <value>%!"(MISSING) parameters:"value"}}
19-09-2024 12:59:39.872 [Gauge] [DEBUG] Api Request Received: messageType:GetStepValueRequest messageId:4 stepValueRequest:{stepText:"Open new tab"}
19-09-2024 12:59:39.872 [Gauge] [DEBUG] Sending API response: messageType:GetStepValueResponse messageId:4 stepValueResponse:{stepValue:{stepValue:"Open new tab" parameterizedStepValue:"Open new tab"}}
19-09-2024 12:59:39.872 [Gauge] [DEBUG] Api Request Received: messageType:GetStepValueRequest messageId:4 stepValueRequest:{stepText:"Yeni sekme aç"}
19-09-2024 12:59:39.872 [Gauge] [DEBUG] Sending API response: messageType:GetStepValueResponse messageId:4 stepValueResponse:{stepValue:{stepValue:"Yeni sekme aç" parameterizedStepValue:"Yeni sekme aç"}}
19-09-2024 12:59:39.873 [Gauge] [DEBUG] Api Request Received: messageType:GetStepValueRequest messageId:4 stepValueRequest:{stepText:"Focus on tab number <number>"}
19-09-2024 12:59:39.873 [Gauge] [DEBUG] Sending API response: messageType:GetStepValueResponse messageId:4 stepValueResponse:{stepValue:{stepValue:"Focus on tab number {}" parameterizedStepValue:"Focus on tab number <number>" parameters:"number"}}
19-09-2024 12:59:39.873 [Gauge] [DEBUG] Api Request Received: messageType:GetStepValueRequest messageId:4 stepValueRequest:{stepText:"<number> numaralı sekmeye odaklan"}
19-09-2024 12:59:39.873 [Gauge] [DEBUG] Sending API response: messageType:GetStepValueResponse messageId:4 stepValueResponse:{stepValue:{stepValue:"{} numaralı sekmeye odaklan" parameterizedStepValue:"<number> numaralı sekmeye odaklan" parameters:"number"}}
19-09-2024 12:59:39.874 [Gauge] [DEBUG] Api Request Received: messageType:GetStepValueRequest messageId:4 stepValueRequest:{stepText:"popupa gec"}
19-09-2024 12:59:39.874 [Gauge] [DEBUG] Sending API response: messageType:GetStepValueResponse messageId:4 stepValueResponse:{stepValue:{stepValue:"popupa gec" parameterizedStepValue:"popupa gec"}}
19-09-2024 12:59:39.874 [Gauge] [DEBUG] Api Request Received: messageType:GetStepValueRequest messageId:4 stepValueRequest:{stepText:"Focus on last tab"}
19-09-2024 12:59:39.874 [Gauge] [DEBUG] Sending API response: messageType:GetStepValueResponse messageId:4 stepValueResponse:{stepValue:{stepValue:"Focus on last tab" parameterizedStepValue:"Focus on last tab"}}
19-09-2024 12:59:39.875 [Gauge] [DEBUG] Api Request Received: messageType:GetStepValueRequest messageId:4 stepValueRequest:{stepText:"Son sekmeye odaklan"}
19-09-2024 12:59:39.875 [Gauge] [DEBUG] Sending API response: messageType:GetStepValueResponse messageId:4 stepValueResponse:{stepValue:{stepValue:"Son sekmeye odaklan" parameterizedStepValue:"Son sekmeye odaklan"}}
19-09-2024 12:59:39.875 [Gauge] [DEBUG] Api Request Received: messageType:GetStepValueRequest messageId:4 stepValueRequest:{stepText:"Focus on frame with <key>"}
19-09-2024 12:59:39.875 [Gauge] [DEBUG] Sending API response: messageType:GetStepValueResponse messageId:4 stepValueResponse:{stepValue:{stepValue:"Focus on frame with {}" parameterizedStepValue:"Focus on frame with <key>" parameters:"key"}}
19-09-2024 12:59:39.875 [Gauge] [DEBUG] Api Request Received: messageType:GetStepValueRequest messageId:4 stepValueRequest:{stepText:"Frame'e odaklan <key>"}
19-09-2024 12:59:39.875 [Gauge] [DEBUG] Sending API response: messageType:GetStepValueResponse messageId:4 stepValueResponse:{stepValue:{stepValue:"Frame'e odaklan {}" parameterizedStepValue:"Frame'e odaklan <key>" parameters:"key"}}
19-09-2024 12:59:39.875 [Gauge] [DEBUG] Api Request Received: messageType:GetStepValueRequest messageId:4 stepValueRequest:{stepText:"Accept Chrome alert popup"}
19-09-2024 12:59:39.876 [Gauge] [DEBUG] Sending API response: messageType:GetStepValueResponse messageId:4 stepValueResponse:{stepValue:{stepValue:"Accept Chrome alert popup" parameterizedStepValue:"Accept Chrome alert popup"}}
19-09-2024 12:59:39.876 [Gauge] [DEBUG] Api Request Received: messageType:GetStepValueRequest messageId:4 stepValueRequest:{stepText:"Chrome uyarı popup'ını kabul et"}
19-09-2024 12:59:39.876 [Gauge] [DEBUG] Sending API response: messageType:GetStepValueResponse messageId:4 stepValueResponse:{stepValue:{stepValue:"Chrome uyarı popup'ını kabul et" parameterizedStepValue:"Chrome uyarı popup'ını kabul et"}}
19-09-2024 12:59:39.876 [Gauge] [DEBUG] Api Request Received: messageType:GetStepValueRequest messageId:4 stepValueRequest:{stepText:"<key> alanına kaydır"}
19-09-2024 12:59:39.876 [Gauge] [DEBUG] Sending API response: messageType:GetStepValueResponse messageId:4 stepValueResponse:{stepValue:{stepValue:"{} alanına kaydır" parameterizedStepValue:"<key> alanına kaydır" parameters:"key"}}
19-09-2024 12:59:39.878 [Gauge] [DEBUG] Api Request Received: messageType:GetStepValueRequest messageId:4 stepValueRequest:{stepText:"<key> alanına js ile kaydır"}
19-09-2024 12:59:39.878 [Gauge] [DEBUG] Sending API response: messageType:GetStepValueResponse messageId:4 stepValueResponse:{stepValue:{stepValue:"{} alanına js ile kaydır" parameterizedStepValue:"<key> alanına js ile kaydır" parameters:"key"}}
19-09-2024 12:59:39.879 [Gauge] [DEBUG] Api Request Received: messageType:GetStepValueRequest messageId:4 stepValueRequest:{stepText:"<key> li elementi bul ve değerini <saveKey> saklanan degeri yazdir"}
19-09-2024 12:59:39.879 [Gauge] [DEBUG] Sending API response: messageType:GetStepValueResponse messageId:4 stepValueResponse:{stepValue:{stepValue:"{} li elementi bul ve değerini {} saklanan degeri yazdir" parameterizedStepValue:"<key> li elementi bul ve değerini <saveKey> saklanan degeri yazdir" parameters:"key" parameters:"saveKey"}}
19-09-2024 12:59:39.880 [Gauge] [DEBUG] Api Request Received: messageType:GetStepValueRequest messageId:4 stepValueRequest:{stepText:"Find element by <key> and compare saved key <saveKey>"}
19-09-2024 12:59:39.880 [Gauge] [DEBUG] Sending API response: messageType:GetStepValueResponse messageId:4 stepValueResponse:{stepValue:{stepValue:"Find element by {} and compare saved key {}" parameterizedStepValue:"Find element by <key> and compare saved key <saveKey>" parameters:"key" parameters:"saveKey"}}
19-09-2024 12:59:39.881 [Gauge] [DEBUG] Api Request Received: messageType:GetStepValueRequest messageId:4 stepValueRequest:{stepText:"<key> li elementi bul, temizle ve rasgele  email değerini yaz"}
19-09-2024 12:59:39.881 [Gauge] [DEBUG] Sending API response: messageType:GetStepValueResponse messageId:4 stepValueResponse:{stepValue:{stepValue:"{} li elementi bul, temizle ve rasgele  email değerini yaz" parameterizedStepValue:"<key> li elementi bul, temizle ve rasgele  email değerini yaz" parameters:"key"}}
19-09-2024 12:59:39.881 [Gauge] [DEBUG] Api Request Received: messageType:GetStepValueRequest messageId:4 stepValueRequest:{stepText:"Find element by <key> clear and send keys  random email"}
19-09-2024 12:59:39.881 [Gauge] [DEBUG] Sending API response: messageType:GetStepValueResponse messageId:4 stepValueResponse:{stepValue:{stepValue:"Find element by {} clear and send keys  random email" parameterizedStepValue:"Find element by <key> clear and send keys  random email" parameters:"key"}}
19-09-2024 12:59:39.883 [Gauge] [DEBUG] Api Request Received: messageType:GetStepValueRequest messageId:4 stepValueRequest:{stepText:"<key> olarak comboboxdan bir değer seçilir"}
19-09-2024 12:59:39.883 [Gauge] [DEBUG] Sending API response: messageType:GetStepValueResponse messageId:4 stepValueResponse:{stepValue:{stepValue:"{} olarak comboboxdan bir değer seçilir" parameterizedStepValue:"<key> olarak comboboxdan bir değer seçilir" parameters:"key"}}
19-09-2024 12:59:39.883 [Gauge] [DEBUG] Api Request Received: messageType:GetStepValueRequest messageId:4 stepValueRequest:{stepText:"<key> elementine javascript ile tıkla"}
19-09-2024 12:59:39.883 [Gauge] [DEBUG] Sending API response: messageType:GetStepValueResponse messageId:4 stepValueResponse:{stepValue:{stepValue:"{} elementine javascript ile tıkla" parameterizedStepValue:"<key> elementine javascript ile tıkla" parameters:"key"}}
19-09-2024 12:59:39.885 [Gauge] [DEBUG] Api Request Received: messageType:GetStepValueRequest messageId:4 stepValueRequest:{stepText:"Belirli bir <key> değerinin olduğu locasyona websayfasının kaydırılması"}
19-09-2024 12:59:39.885 [Gauge] [DEBUG] Sending API response: messageType:GetStepValueResponse messageId:4 stepValueResponse:{stepValue:{stepValue:"Belirli bir {} değerinin olduğu locasyona websayfasının kaydırılması" parameterizedStepValue:"Belirli bir <key> değerinin olduğu locasyona websayfasının kaydırılması" parameters:"key"}}
19-09-2024 12:59:39.887 [Gauge] [DEBUG] Api Request Received: messageType:GetStepValueRequest messageId:4 stepValueRequest:{stepText:"<key> alanını javascript ile temizle"}
19-09-2024 12:59:39.887 [Gauge] [DEBUG] Sending API response: messageType:GetStepValueResponse messageId:4 stepValueResponse:{stepValue:{stepValue:"{} alanını javascript ile temizle" parameterizedStepValue:"<key> alanını javascript ile temizle" parameters:"key"}}
19-09-2024 12:59:39.888 [Gauge] [DEBUG] Api Request Received: messageType:GetStepValueRequest messageId:4 stepValueRequest:{stepText:"<key> elementleri arasından <text> kayıtlı değişkene tıkla"}
19-09-2024 12:59:39.888 [Gauge] [DEBUG] Sending API response: messageType:GetStepValueResponse messageId:4 stepValueResponse:{stepValue:{stepValue:"{} elementleri arasından {} kayıtlı değişkene tıkla" parameterizedStepValue:"<key> elementleri arasından <text> kayıtlı değişkene tıkla" parameters:"key" parameters:"text"}}
19-09-2024 12:59:39.888 [Gauge] [DEBUG] Api Request Received: messageType:GetStepValueRequest messageId:4 stepValueRequest:{stepText:"<key> menu listesinden rasgele seç"}
19-09-2024 12:59:39.889 [Gauge] [DEBUG] Sending API response: messageType:GetStepValueResponse messageId:4 stepValueResponse:{stepValue:{stepValue:"{} menu listesinden rasgele seç" parameterizedStepValue:"<key> menu listesinden rasgele seç" parameters:"key"}}
19-09-2024 12:59:39.889 [Gauge] [DEBUG] Api Request Received: messageType:GetStepValueRequest messageId:4 stepValueRequest:{stepText:"<key> olarak <index> indexi seçersem"}
19-09-2024 12:59:39.889 [Gauge] [DEBUG] Sending API response: messageType:GetStepValueResponse messageId:4 stepValueResponse:{stepValue:{stepValue:"{} olarak {} indexi seçersem" parameterizedStepValue:"<key> olarak <index> indexi seçersem" parameters:"key" parameters:"index"}}
19-09-2024 12:59:39.891 [Gauge] [DEBUG] Api Request Received: messageType:GetStepValueRequest messageId:4 stepValueRequest:{stepText:"<text> textini <key> elemente tek tek yaz"}
19-09-2024 12:59:39.891 [Gauge] [DEBUG] Sending API response: messageType:GetStepValueResponse messageId:4 stepValueResponse:{stepValue:{stepValue:"{} textini {} elemente tek tek yaz" parameterizedStepValue:"<text> textini <key> elemente tek tek yaz" parameters:"text" parameters:"key"}}
19-09-2024 12:59:39.891 [Gauge] [DEBUG] Api Request Received: messageType:GetStepValueRequest messageId:4 stepValueRequest:{stepText:"<key> elementine <text> değerini js ile yaz"}
19-09-2024 12:59:39.891 [Gauge] [DEBUG] Sending API response: messageType:GetStepValueResponse messageId:4 stepValueResponse:{stepValue:{stepValue:"{} elementine {} değerini js ile yaz" parameterizedStepValue:"<key> elementine <text> değerini js ile yaz" parameters:"key" parameters:"text"}}
19-09-2024 12:59:39.892 [Gauge] [DEBUG] Api Request Received: messageType:GetStepValueRequest messageId:4 stepValueRequest:{stepText:"<key> tarihinden 2 gün sonraya al"}
19-09-2024 12:59:39.892 [Gauge] [DEBUG] Sending API response: messageType:GetStepValueResponse messageId:4 stepValueResponse:{stepValue:{stepValue:"{} tarihinden 2 gün sonraya al" parameterizedStepValue:"<key> tarihinden 2 gün sonraya al" parameters:"key"}}
19-09-2024 12:59:39.892 [Gauge] [DEBUG] Api Request Received: messageType:GetStepValueRequest messageId:4 stepValueRequest:{stepText:"<variable> değişkenini <key> elementine yaz"}
19-09-2024 12:59:39.892 [Gauge] [DEBUG] Sending API response: messageType:GetStepValueResponse messageId:4 stepValueResponse:{stepValue:{stepValue:"{} değişkenini {} elementine yaz" parameterizedStepValue:"<variable> değişkenini <key> elementine yaz" parameters:"variable" parameters:"key"}}
19-09-2024 12:59:39.893 [Gauge] [DEBUG] Api Request Received: messageType:GetStepValueRequest messageId:4 stepValueRequest:{stepText:"<key> olarak comboboxtan <text> seçimini yap"}
19-09-2024 12:59:39.893 [Gauge] [DEBUG] Sending API response: messageType:GetStepValueResponse messageId:4 stepValueResponse:{stepValue:{stepValue:"{} olarak comboboxtan {} seçimini yap" parameterizedStepValue:"<key> olarak comboboxtan <text> seçimini yap" parameters:"key" parameters:"text"}}
19-09-2024 12:59:39.893 [Gauge] [DEBUG] Api Request Received: messageType:GetStepValueRequest messageId:4 stepValueRequest:{stepText:"<key> olarak seçimini yap"}
19-09-2024 12:59:39.894 [Gauge] [DEBUG] Sending API response: messageType:GetStepValueResponse messageId:4 stepValueResponse:{stepValue:{stepValue:"{} olarak seçimini yap" parameterizedStepValue:"<key> olarak seçimini yap" parameters:"key"}}
19-09-2024 12:59:39.895 [Gauge] [DEBUG] Api Request Received: messageType:GetStepValueRequest messageId:4 stepValueRequest:{stepText:"Rastgele Tarih ve Gun Sec"}
19-09-2024 12:59:39.896 [Gauge] [DEBUG] Sending API response: messageType:GetStepValueResponse messageId:4 stepValueResponse:{stepValue:{stepValue:"Rastgele Tarih ve Gun Sec" parameterizedStepValue:"Rastgele Tarih ve Gun Sec"}}
19-09-2024 12:59:39.897 [Gauge] [DEBUG] Api Request Received: messageType:GetStepValueRequest messageId:4 stepValueRequest:{stepText:"Rastgele tarih sec"}
19-09-2024 12:59:39.897 [Gauge] [DEBUG] Sending API response: messageType:GetStepValueResponse messageId:4 stepValueResponse:{stepValue:{stepValue:"Rastgele tarih sec" parameterizedStepValue:"Rastgele tarih sec"}}
19-09-2024 12:59:39.897 [Gauge] [DEBUG] Api Request Received: messageType:GetStepValueRequest messageId:4 stepValueRequest:{stepText:"Hayır secenegini temizle ve tekrar sec"}
19-09-2024 12:59:39.897 [Gauge] [DEBUG] Sending API response: messageType:GetStepValueResponse messageId:4 stepValueResponse:{stepValue:{stepValue:"Hayır secenegini temizle ve tekrar sec" parameterizedStepValue:"Hayır secenegini temizle ve tekrar sec"}}
19-09-2024 12:59:39.898 [Gauge] [DEBUG] Api Request Received: messageType:GetStepValueRequest messageId:4 stepValueRequest:{stepText:"Hayır seçeneği zaten seçili değilse seç"}
19-09-2024 12:59:39.898 [Gauge] [DEBUG] Sending API response: messageType:GetStepValueResponse messageId:4 stepValueResponse:{stepValue:{stepValue:"Hayır seçeneği zaten seçili değilse seç" parameterizedStepValue:"Hayır seçeneği zaten seçili değilse seç"}}
19-09-2024 12:59:39.899 [Gauge] [DEBUG] Api Request Received: messageType:GetStepValueRequest messageId:4 stepValueRequest:{stepText:"Kilo alanını temizle ve 70 değerini gir"}
19-09-2024 12:59:39.899 [Gauge] [DEBUG] Sending API response: messageType:GetStepValueResponse messageId:4 stepValueResponse:{stepValue:{stepValue:"Kilo alanını temizle ve 70 değerini gir" parameterizedStepValue:"Kilo alanını temizle ve 70 değerini gir"}}
19-09-2024 12:59:39.899 [Gauge] [DEBUG] Api Request Received: messageType:GetStepValueRequest messageId:4 stepValueRequest:{stepText:"Gorunur olmasini bekle <key>"}
19-09-2024 12:59:39.899 [Gauge] [DEBUG] Sending API response: messageType:GetStepValueResponse messageId:4 stepValueResponse:{stepValue:{stepValue:"Gorunur olmasini bekle {}" parameterizedStepValue:"Gorunur olmasini bekle <key>" parameters:"key"}}
19-09-2024 12:59:39.900 [Gauge] [DEBUG] Api Request Received: messageType:GetStepValueRequest messageId:4 stepValueRequest:{stepText:"Rastgele bir ilaç kullanım saati seç"}
19-09-2024 12:59:39.900 [Gauge] [DEBUG] Sending API response: messageType:GetStepValueResponse messageId:4 stepValueResponse:{stepValue:{stepValue:"Rastgele bir ilaç kullanım saati seç" parameterizedStepValue:"Rastgele bir ilaç kullanım saati seç"}}
19-09-2024 12:59:39.901 [Gauge] [DEBUG] Api Request Received: messageType:GetStepValueRequest messageId:4 stepValueRequest:{stepText:"Rastgele bir ilk tarih sec"}
19-09-2024 12:59:39.901 [Gauge] [DEBUG] Sending API response: messageType:GetStepValueResponse messageId:4 stepValueResponse:{stepValue:{stepValue:"Rastgele bir ilk tarih sec" parameterizedStepValue:"Rastgele bir ilk tarih sec"}}
19-09-2024 12:59:39.901 [Gauge] [DEBUG] Api Request Received: messageType:GetStepValueRequest messageId:4 stepValueRequest:{stepText:"Click on the X button to close screen"}
19-09-2024 12:59:39.901 [Gauge] [DEBUG] Sending API response: messageType:GetStepValueResponse messageId:4 stepValueResponse:{stepValue:{stepValue:"Click on the X button to close screen" parameterizedStepValue:"Click on the X button to close screen"}}
19-09-2024 12:59:39.902 [Gauge] [DEBUG] Api Request Received: messageType:GetStepValueRequest messageId:4 stepValueRequest:{stepText:"Click on the X button to close frame"}
19-09-2024 12:59:39.902 [Gauge] [DEBUG] Sending API response: messageType:GetStepValueResponse messageId:4 stepValueResponse:{stepValue:{stepValue:"Click on the X button to close frame" parameterizedStepValue:"Click on the X button to close frame"}}
19-09-2024 12:59:39.902 [Gauge] [DEBUG] Api Request Received: messageType:GetStepValueRequest messageId:4 stepValueRequest:{stepText:"Scroll to the bottom of the page"}
19-09-2024 12:59:39.902 [Gauge] [DEBUG] Sending API response: messageType:GetStepValueResponse messageId:4 stepValueResponse:{stepValue:{stepValue:"Scroll to the bottom of the page" parameterizedStepValue:"Scroll to the bottom of the page"}}
19-09-2024 12:59:39.903 [Gauge] [DEBUG] Api Request Received: messageType:GetStepValueRequest messageId:4 stepValueRequest:{stepText:"Filtreleme alanında 'Amerikan Hastanesi'ni sec"}
19-09-2024 12:59:39.903 [Gauge] [DEBUG] Sending API response: messageType:GetStepValueResponse messageId:4 stepValueResponse:{stepValue:{stepValue:"Filtreleme alanında 'Amerikan Hastanesi'ni sec" parameterizedStepValue:"Filtreleme alanında 'Amerikan Hastanesi'ni sec"}}
19-09-2024 12:59:39.903 [Gauge] [DEBUG] Api Request Received: messageType:GetStepValueRequest messageId:4 stepValueRequest:{stepText:"Filtreleme alanında Secim yapmadan devam et sec"}
19-09-2024 12:59:39.903 [Gauge] [DEBUG] Sending API response: messageType:GetStepValueResponse messageId:4 stepValueResponse:{stepValue:{stepValue:"Filtreleme alanında Secim yapmadan devam et sec" parameterizedStepValue:"Filtreleme alanında Secim yapmadan devam et sec"}}
19-09-2024 12:59:39.904 [Gauge] [DEBUG] Api Request Received: messageType:GetStepValueRequest messageId:4 stepValueRequest:{stepText:"Close the currently opened tab"}
19-09-2024 12:59:39.904 [Gauge] [DEBUG] Sending API response: messageType:GetStepValueResponse messageId:4 stepValueResponse:{stepValue:{stepValue:"Close the currently opened tab" parameterizedStepValue:"Close the currently opened tab"}}
19-09-2024 12:59:39.904 [Gauge] [DEBUG] Api Request Received: messageType:GetStepValueRequest messageId:4 stepValueRequest:{stepText:"Close the focused tab"}
19-09-2024 12:59:39.904 [Gauge] [DEBUG] Sending API response: messageType:GetStepValueResponse messageId:4 stepValueResponse:{stepValue:{stepValue:"Close the focused tab" parameterizedStepValue:"Close the focused tab"}}
19-09-2024 12:59:40.675 [Gauge] [DEBUG] Api Request Received: messageType:GetStepValueRequest messageId:4 stepValueRequest:{stepText:"Go to \"\" address"}
19-09-2024 12:59:40.675 [Gauge] [DEBUG] Sending API response: messageType:GetStepValueResponse messageId:4 stepValueResponse:{stepValue:{stepValue:"Go to {} address" parameterizedStepValue:"Go to <> address" parameters:""}}
19-09-2024 12:59:40.677 [Gauge] [DEBUG] Api Request Received: messageType:GetStepValueRequest messageId:4 stepValueRequest:{stepText:"Gorunur olmasini bekle \"smscodeLabel\""}
19-09-2024 12:59:40.677 [Gauge] [DEBUG] Sending API response: messageType:GetStepValueResponse messageId:4 stepValueResponse:{stepValue:{stepValue:"Gorunur olmasini bekle {}" parameterizedStepValue:"Gorunur olmasini bekle <smscodeLabel>" parameters:"smscodeLabel"}}
19-09-2024 12:59:40.683 [Gauge] [DEBUG] Api Request Received: messageType:GetStepValueRequest messageId:4 stepValueRequest:{stepText:"Write value \"59479391614\" to element \"tckimliknotextbox\""}
19-09-2024 12:59:40.683 [Gauge] [DEBUG] Sending API response: messageType:GetStepValueResponse messageId:4 stepValueResponse:{stepValue:{stepValue:"Write value {} to element {}" parameterizedStepValue:"Write value <59479391614> to element <tckimliknotextbox>" parameters:"59479391614" parameters:"tckimliknotextbox"}}
19-09-2024 12:59:40.684 [Gauge] [DEBUG] Api Request Received: messageType:GetStepValueRequest messageId:4 stepValueRequest:{stepText:"Elementine tıkla \"dgtarihitextbox\""}
19-09-2024 12:59:40.684 [Gauge] [DEBUG] Sending API response: messageType:GetStepValueResponse messageId:4 stepValueResponse:{stepValue:{stepValue:"Elementine tıkla {}" parameterizedStepValue:"Elementine tıkla <dgtarihitextbox>" parameters:"dgtarihitextbox"}}
19-09-2024 12:59:40.684 [Gauge] [DEBUG] Api Request Received: messageType:GetStepValueRequest messageId:4 stepValueRequest:{stepText:"Elementine tıkla \"girisyapbutton\""}
19-09-2024 12:59:40.685 [Gauge] [DEBUG] Sending API response: messageType:GetStepValueResponse messageId:4 stepValueResponse:{stepValue:{stepValue:"Elementine tıkla {}" parameterizedStepValue:"Elementine tıkla <girisyapbutton>" parameters:"girisyapbutton"}}
19-09-2024 12:59:40.685 [Gauge] [DEBUG] Api Request Received: messageType:GetStepValueRequest messageId:4 stepValueRequest:{stepText:"Element \"raporlabel\" var mı kontrol et yoksa hata mesajı ver \"message\""}
19-09-2024 12:59:40.685 [Gauge] [DEBUG] Sending API response: messageType:GetStepValueResponse messageId:4 stepValueResponse:{stepValue:{stepValue:"Element {} var mı kontrol et yoksa hata mesajı ver {}" parameterizedStepValue:"Element <raporlabel> var mı kontrol et yoksa hata mesajı ver <message>" parameters:"raporlabel" parameters:"message"}}
19-09-2024 12:59:48.350 [Gauge] [DEBUG] Api Request Received: messageType:GetStepValueRequest messageId:4 stepValueRequest:{stepText:" KullaniciLoginOlur"}
19-09-2024 12:59:48.350 [Gauge] [DEBUG] Sending API response: messageType:GetStepValueResponse messageId:4 stepValueResponse:{stepValue:{stepValue:"KullaniciLoginOlur" parameterizedStepValue:"KullaniciLoginOlur"}}
19-09-2024 13:00:51.290 [Gauge] [DEBUG] Api Request Received: messageType:GetStepValueRequest messageId:4 stepValueRequest:{stepText:"Write value \"5947930\" to element \"tckimliknotextbox\""}
19-09-2024 13:00:51.291 [Gauge] [DEBUG] Sending API response: messageType:GetStepValueResponse messageId:4 stepValueResponse:{stepValue:{stepValue:"Write value {} to element {}" parameterizedStepValue:"Write value <5947930> to element <tckimliknotextbox>" parameters:"5947930" parameters:"tckimliknotextbox"}}
19-09-2024 13:00:51.457 [Gauge] [DEBUG] Api Request Received: messageType:GetStepValueRequest messageId:4 stepValueRequest:{stepText:"Write value \"59479300\" to element \"tckimliknotextbox\""}
19-09-2024 13:00:51.457 [Gauge] [DEBUG] Sending API response: messageType:GetStepValueResponse messageId:4 stepValueResponse:{stepValue:{stepValue:"Write value {} to element {}" parameterizedStepValue:"Write value <59479300> to element <tckimliknotextbox>" parameters:"59479300" parameters:"tckimliknotextbox"}}
19-09-2024 13:00:51.756 [Gauge] [DEBUG] Api Request Received: messageType:GetStepValueRequest messageId:4 stepValueRequest:{stepText:"Write value \"594793000\" to element \"tckimliknotextbox\""}
19-09-2024 13:00:51.757 [Gauge] [DEBUG] Sending API response: messageType:GetStepValueResponse messageId:4 stepValueResponse:{stepValue:{stepValue:"Write value {} to element {}" parameterizedStepValue:"Write value <594793000> to element <tckimliknotextbox>" parameters:"594793000" parameters:"tckimliknotextbox"}}
19-09-2024 13:00:52.025 [Gauge] [DEBUG] Api Request Received: messageType:GetStepValueRequest messageId:4 stepValueRequest:{stepText:"Write value \"5947930000\" to element \"tckimliknotextbox\""}
19-09-2024 13:00:52.026 [Gauge] [DEBUG] Sending API response: messageType:GetStepValueResponse messageId:4 stepValueResponse:{stepValue:{stepValue:"Write value {} to element {}" parameterizedStepValue:"Write value <5947930000> to element <tckimliknotextbox>" parameters:"5947930000" parameters:"tckimliknotextbox"}}
19-09-2024 13:00:52.272 [Gauge] [DEBUG] Api Request Received: messageType:GetStepValueRequest messageId:4 stepValueRequest:{stepText:"Write value \"59479300000\" to element \"tckimliknotextbox\""}
19-09-2024 13:00:52.272 [Gauge] [DEBUG] Sending API response: messageType:GetStepValueResponse messageId:4 stepValueResponse:{stepValue:{stepValue:"Write value {} to element {}" parameterizedStepValue:"Write value <59479300000> to element <tckimliknotextbox>" parameters:"59479300000" parameters:"tckimliknotextbox"}}
19-09-2024 13:00:56.098 [Gauge] [DEBUG] Api Request Received: messageType:GetStepValueRequest messageId:4 stepValueRequest:{stepText:"* Write value \"59479300000\" to element \"tckimliknotextbox\""}
19-09-2024 13:00:56.098 [Gauge] [DEBUG] Sending API response: messageType:GetStepValueResponse messageId:4 stepValueResponse:{stepValue:{stepValue:"* Write value {} to element {}" parameterizedStepValue:"* Write value <59479300000> to element <tckimliknotextbox>" parameters:"59479300000" parameters:"tckimliknotextbox"}}
19-09-2024 13:02:33.673 [Gauge] [DEBUG] Spec file added / modified: /Users/n100764/Desktop/burcuonal/specs/page.spec
19-09-2024 13:02:33.677 [Gauge] [DEBUG] Concept file added / modified: /Users/n100764/Desktop/burcuonal/specs/concepts/page.cpt
